Sun Nov 25 18:31:23 EST 2018
compute-1-01.local
/home/ypan/LSTM
2018-11-25 18:31:51.413101: I tensorflow/core/platform/cpu_feature_guard.cc:141] Your CPU supports instructions that this TensorFlow binary was not compiled to use: AVX2 FMA
X_train:
<class 'numpy.ndarray'>
(3427, 100)
Y_train:
<class 'numpy.ndarray'>
(3427, 1)
X_test:
<class 'numpy.ndarray'>
(1970, 100)
Y_test:
<class 'numpy.ndarray'>
(1970, 1)
Creating model ... 
Vocab size: 17105
Compiling model ... 
_________________________________________________________________
Layer (type)                 Output Shape              Param #   
=================================================================
embedding_1 (Embedding)      (None, 100, 128)          2189440   
_________________________________________________________________
lstm_1 (LSTM)                (None, 100, 128)          131584    
_________________________________________________________________
dropout_1 (Dropout)          (None, 100, 128)          0         
_________________________________________________________________
lstm_2 (LSTM)                (None, 128)               131584    
_________________________________________________________________
dropout_2 (Dropout)          (None, 128)               0         
_________________________________________________________________
dense_1 (Dense)              (None, 1)                 129       
=================================================================
Total params: 2,452,737
Trainable params: 2,452,737
Non-trainable params: 0
_________________________________________________________________
None
Model completed.
Start fitting model ... 
Epoch 1/10

  64/3427 [..............................] - ETA: 1:35 - loss: 0.4293 - acc: 0.8594
 128/3427 [>.............................] - ETA: 1:03 - loss: 0.5454 - acc: 0.8125
 192/3427 [>.............................] - ETA: 52s - loss: 0.5516 - acc: 0.7969 
 256/3427 [=>............................] - ETA: 46s - loss: 0.5420 - acc: 0.7969
 320/3427 [=>............................] - ETA: 42s - loss: 0.5378 - acc: 0.7906
 384/3427 [==>...........................] - ETA: 40s - loss: 0.5447 - acc: 0.7839
 448/3427 [==>...........................] - ETA: 38s - loss: 0.5523 - acc: 0.7812
 512/3427 [===>..........................] - ETA: 36s - loss: 0.5514 - acc: 0.7773
 576/3427 [====>.........................] - ETA: 34s - loss: 0.5491 - acc: 0.7812
 640/3427 [====>.........................] - ETA: 33s - loss: 0.5502 - acc: 0.7797
 704/3427 [=====>........................] - ETA: 32s - loss: 0.5613 - acc: 0.7727
 768/3427 [=====>........................] - ETA: 31s - loss: 0.5574 - acc: 0.7760
 832/3427 [======>.......................] - ETA: 29s - loss: 0.5627 - acc: 0.7728
 896/3427 [======>.......................] - ETA: 28s - loss: 0.5564 - acc: 0.7801
 960/3427 [=======>......................] - ETA: 27s - loss: 0.5615 - acc: 0.7771
1024/3427 [=======>......................] - ETA: 27s - loss: 0.5690 - acc: 0.7715
1088/3427 [========>.....................] - ETA: 26s - loss: 0.5670 - acc: 0.7739
1152/3427 [=========>....................] - ETA: 25s - loss: 0.5683 - acc: 0.7726
1216/3427 [=========>....................] - ETA: 24s - loss: 0.5659 - acc: 0.7730
1280/3427 [==========>...................] - ETA: 23s - loss: 0.5658 - acc: 0.7727
1344/3427 [==========>...................] - ETA: 22s - loss: 0.5623 - acc: 0.7746
1408/3427 [===========>..................] - ETA: 22s - loss: 0.5621 - acc: 0.7741
1472/3427 [===========>..................] - ETA: 21s - loss: 0.5620 - acc: 0.7738
1536/3427 [============>.................] - ETA: 20s - loss: 0.5646 - acc: 0.7721
1600/3427 [=============>................] - ETA: 19s - loss: 0.5658 - acc: 0.7712
1664/3427 [=============>................] - ETA: 19s - loss: 0.5638 - acc: 0.7716
1728/3427 [==============>...............] - ETA: 18s - loss: 0.5616 - acc: 0.7731
1792/3427 [==============>...............] - ETA: 17s - loss: 0.5657 - acc: 0.7712
1856/3427 [===============>..............] - ETA: 16s - loss: 0.5657 - acc: 0.7699
1920/3427 [===============>..............] - ETA: 16s - loss: 0.5632 - acc: 0.7714
1984/3427 [================>.............] - ETA: 15s - loss: 0.5600 - acc: 0.7737
2048/3427 [================>.............] - ETA: 14s - loss: 0.5597 - acc: 0.7739
2112/3427 [=================>............] - ETA: 13s - loss: 0.5617 - acc: 0.7723
2176/3427 [==================>...........] - ETA: 13s - loss: 0.5655 - acc: 0.7688
2240/3427 [==================>...........] - ETA: 12s - loss: 0.5637 - acc: 0.7705
2304/3427 [===================>..........] - ETA: 11s - loss: 0.5604 - acc: 0.7726
2368/3427 [===================>..........] - ETA: 11s - loss: 0.5574 - acc: 0.7741
2432/3427 [====================>.........] - ETA: 10s - loss: 0.5545 - acc: 0.7755
2496/3427 [====================>.........] - ETA: 9s - loss: 0.5585 - acc: 0.7736 
2560/3427 [=====================>........] - ETA: 9s - loss: 0.5584 - acc: 0.7734
2624/3427 [=====================>........] - ETA: 8s - loss: 0.5564 - acc: 0.7748
2688/3427 [======================>.......] - ETA: 7s - loss: 0.5538 - acc: 0.7760
2752/3427 [=======================>......] - ETA: 7s - loss: 0.5527 - acc: 0.7769
2816/3427 [=======================>......] - ETA: 6s - loss: 0.5509 - acc: 0.7781
2880/3427 [========================>.....] - ETA: 5s - loss: 0.5519 - acc: 0.7774
2944/3427 [========================>.....] - ETA: 5s - loss: 0.5499 - acc: 0.7789
3008/3427 [=========================>....] - ETA: 4s - loss: 0.5499 - acc: 0.7793
3072/3427 [=========================>....] - ETA: 3s - loss: 0.5511 - acc: 0.7783
3136/3427 [==========================>...] - ETA: 3s - loss: 0.5496 - acc: 0.7790
3200/3427 [===========================>..] - ETA: 2s - loss: 0.5502 - acc: 0.7788
3264/3427 [===========================>..] - ETA: 1s - loss: 0.5490 - acc: 0.7794
3328/3427 [============================>.] - ETA: 1s - loss: 0.5470 - acc: 0.7806
3392/3427 [============================>.] - ETA: 0s - loss: 0.5454 - acc: 0.7818
3427/3427 [==============================] - 36s 10ms/step - loss: 0.5452 - acc: 0.7820
Epoch 2/10

  64/3427 [..............................] - ETA: 33s - loss: 0.5155 - acc: 0.7969
 128/3427 [>.............................] - ETA: 33s - loss: 0.5111 - acc: 0.8047
 192/3427 [>.............................] - ETA: 32s - loss: 0.4729 - acc: 0.8333
 256/3427 [=>............................] - ETA: 31s - loss: 0.4876 - acc: 0.8242
 320/3427 [=>............................] - ETA: 31s - loss: 0.4841 - acc: 0.8250
 384/3427 [==>...........................] - ETA: 30s - loss: 0.5008 - acc: 0.8125
 448/3427 [==>...........................] - ETA: 29s - loss: 0.5060 - acc: 0.8058
 512/3427 [===>..........................] - ETA: 29s - loss: 0.5176 - acc: 0.7969
 576/3427 [====>.........................] - ETA: 28s - loss: 0.5181 - acc: 0.8003
 640/3427 [====>.........................] - ETA: 27s - loss: 0.5117 - acc: 0.8047
 704/3427 [=====>........................] - ETA: 27s - loss: 0.5131 - acc: 0.8026
 768/3427 [=====>........................] - ETA: 26s - loss: 0.5128 - acc: 0.8008
 832/3427 [======>.......................] - ETA: 26s - loss: 0.5095 - acc: 0.8029
 896/3427 [======>.......................] - ETA: 25s - loss: 0.5160 - acc: 0.7980
 960/3427 [=======>......................] - ETA: 24s - loss: 0.5177 - acc: 0.7958
1024/3427 [=======>......................] - ETA: 24s - loss: 0.5238 - acc: 0.7900
1088/3427 [========>.....................] - ETA: 23s - loss: 0.5249 - acc: 0.7895
1152/3427 [=========>....................] - ETA: 22s - loss: 0.5252 - acc: 0.7891
1216/3427 [=========>....................] - ETA: 22s - loss: 0.5256 - acc: 0.7895
1280/3427 [==========>...................] - ETA: 21s - loss: 0.5238 - acc: 0.7906
1344/3427 [==========>...................] - ETA: 20s - loss: 0.5185 - acc: 0.7939
1408/3427 [===========>..................] - ETA: 20s - loss: 0.5189 - acc: 0.7933
1472/3427 [===========>..................] - ETA: 19s - loss: 0.5126 - acc: 0.7976
1536/3427 [============>.................] - ETA: 19s - loss: 0.5129 - acc: 0.7969
1600/3427 [=============>................] - ETA: 18s - loss: 0.5126 - acc: 0.7969
1664/3427 [=============>................] - ETA: 17s - loss: 0.5131 - acc: 0.7963
1728/3427 [==============>...............] - ETA: 17s - loss: 0.5130 - acc: 0.7963
1792/3427 [==============>...............] - ETA: 16s - loss: 0.5170 - acc: 0.7935
1856/3427 [===============>..............] - ETA: 15s - loss: 0.5194 - acc: 0.7920
1920/3427 [===============>..............] - ETA: 15s - loss: 0.5203 - acc: 0.7906
1984/3427 [================>.............] - ETA: 14s - loss: 0.5230 - acc: 0.7873
2048/3427 [================>.............] - ETA: 13s - loss: 0.5235 - acc: 0.7871
2112/3427 [=================>............] - ETA: 13s - loss: 0.5242 - acc: 0.7860
2176/3427 [==================>...........] - ETA: 12s - loss: 0.5248 - acc: 0.7863
2240/3427 [==================>...........] - ETA: 11s - loss: 0.5240 - acc: 0.7866
2304/3427 [===================>..........] - ETA: 11s - loss: 0.5235 - acc: 0.7869
2368/3427 [===================>..........] - ETA: 10s - loss: 0.5237 - acc: 0.7867
2432/3427 [====================>.........] - ETA: 10s - loss: 0.5222 - acc: 0.7878
2496/3427 [====================>.........] - ETA: 9s - loss: 0.5243 - acc: 0.7861 
2560/3427 [=====================>........] - ETA: 8s - loss: 0.5263 - acc: 0.7844
2624/3427 [=====================>........] - ETA: 8s - loss: 0.5240 - acc: 0.7862
2688/3427 [======================>.......] - ETA: 7s - loss: 0.5243 - acc: 0.7857
2752/3427 [=======================>......] - ETA: 6s - loss: 0.5247 - acc: 0.7852
2816/3427 [=======================>......] - ETA: 6s - loss: 0.5238 - acc: 0.7859
2880/3427 [========================>.....] - ETA: 5s - loss: 0.5220 - acc: 0.7872
2944/3427 [========================>.....] - ETA: 4s - loss: 0.5222 - acc: 0.7867
3008/3427 [=========================>....] - ETA: 4s - loss: 0.5250 - acc: 0.7839
3072/3427 [=========================>....] - ETA: 3s - loss: 0.5259 - acc: 0.7832
3136/3427 [==========================>...] - ETA: 2s - loss: 0.5278 - acc: 0.7809
3200/3427 [===========================>..] - ETA: 2s - loss: 0.5266 - acc: 0.7816
3264/3427 [===========================>..] - ETA: 1s - loss: 0.5260 - acc: 0.7819
3328/3427 [============================>.] - ETA: 0s - loss: 0.5249 - acc: 0.7825
3392/3427 [============================>.] - ETA: 0s - loss: 0.5259 - acc: 0.7815
3427/3427 [==============================] - 35s 10ms/step - loss: 0.5257 - acc: 0.7814
Epoch 3/10

  64/3427 [..............................] - ETA: 34s - loss: 0.4899 - acc: 0.7812
 128/3427 [>.............................] - ETA: 33s - loss: 0.5068 - acc: 0.7812
 192/3427 [>.............................] - ETA: 32s - loss: 0.5129 - acc: 0.7656
 256/3427 [=>............................] - ETA: 31s - loss: 0.5097 - acc: 0.7617
 320/3427 [=>............................] - ETA: 31s - loss: 0.4859 - acc: 0.7844
 384/3427 [==>...........................] - ETA: 30s - loss: 0.4575 - acc: 0.8021
 448/3427 [==>...........................] - ETA: 30s - loss: 0.4610 - acc: 0.8036
 512/3427 [===>..........................] - ETA: 29s - loss: 0.4725 - acc: 0.7969
 576/3427 [====>.........................] - ETA: 28s - loss: 0.4726 - acc: 0.7969
 640/3427 [====>.........................] - ETA: 28s - loss: 0.4759 - acc: 0.7922
 704/3427 [=====>........................] - ETA: 27s - loss: 0.4888 - acc: 0.7770
 768/3427 [=====>........................] - ETA: 26s - loss: 0.4925 - acc: 0.7773
 832/3427 [======>.......................] - ETA: 26s - loss: 0.4911 - acc: 0.7764
 896/3427 [======>.......................] - ETA: 25s - loss: 0.4868 - acc: 0.7768
 960/3427 [=======>......................] - ETA: 24s - loss: 0.4916 - acc: 0.7688
1024/3427 [=======>......................] - ETA: 24s - loss: 0.4907 - acc: 0.7715
1088/3427 [========>.....................] - ETA: 23s - loss: 0.4865 - acc: 0.7767
1152/3427 [=========>....................] - ETA: 22s - loss: 0.4828 - acc: 0.7786
1216/3427 [=========>....................] - ETA: 22s - loss: 0.4842 - acc: 0.7763
1280/3427 [==========>...................] - ETA: 21s - loss: 0.4813 - acc: 0.7805
1344/3427 [==========>...................] - ETA: 21s - loss: 0.4818 - acc: 0.7798
1408/3427 [===========>..................] - ETA: 20s - loss: 0.4786 - acc: 0.7798
1472/3427 [===========>..................] - ETA: 19s - loss: 0.4800 - acc: 0.7806
1536/3427 [============>.................] - ETA: 19s - loss: 0.4773 - acc: 0.7819
1600/3427 [=============>................] - ETA: 18s - loss: 0.4717 - acc: 0.7837
1664/3427 [=============>................] - ETA: 17s - loss: 0.4699 - acc: 0.7849
1728/3427 [==============>...............] - ETA: 17s - loss: 0.4655 - acc: 0.7870
1792/3427 [==============>...............] - ETA: 16s - loss: 0.4645 - acc: 0.7874
1856/3427 [===============>..............] - ETA: 15s - loss: 0.4645 - acc: 0.7866
1920/3427 [===============>..............] - ETA: 15s - loss: 0.4623 - acc: 0.7885
1984/3427 [================>.............] - ETA: 14s - loss: 0.4586 - acc: 0.7903
2048/3427 [================>.............] - ETA: 13s - loss: 0.4607 - acc: 0.7876
2112/3427 [=================>............] - ETA: 13s - loss: 0.4602 - acc: 0.7874
2176/3427 [==================>...........] - ETA: 12s - loss: 0.4606 - acc: 0.7881
2240/3427 [==================>...........] - ETA: 11s - loss: 0.4573 - acc: 0.7902
2304/3427 [===================>..........] - ETA: 11s - loss: 0.4548 - acc: 0.7925
2368/3427 [===================>..........] - ETA: 10s - loss: 0.4542 - acc: 0.7922
2432/3427 [====================>.........] - ETA: 10s - loss: 0.4500 - acc: 0.7944
2496/3427 [====================>.........] - ETA: 9s - loss: 0.4496 - acc: 0.7953 
2560/3427 [=====================>........] - ETA: 8s - loss: 0.4487 - acc: 0.7965
2624/3427 [=====================>........] - ETA: 8s - loss: 0.4471 - acc: 0.7973
2688/3427 [======================>.......] - ETA: 7s - loss: 0.4434 - acc: 0.7995
2752/3427 [=======================>......] - ETA: 6s - loss: 0.4425 - acc: 0.7994
2816/3427 [=======================>......] - ETA: 6s - loss: 0.4436 - acc: 0.7994
2880/3427 [========================>.....] - ETA: 5s - loss: 0.4417 - acc: 0.8000
2944/3427 [========================>.....] - ETA: 4s - loss: 0.4403 - acc: 0.8006
3008/3427 [=========================>....] - ETA: 4s - loss: 0.4400 - acc: 0.8015
3072/3427 [=========================>....] - ETA: 3s - loss: 0.4389 - acc: 0.8021
3136/3427 [==========================>...] - ETA: 2s - loss: 0.4391 - acc: 0.8026
3200/3427 [===========================>..] - ETA: 2s - loss: 0.4378 - acc: 0.8031
3264/3427 [===========================>..] - ETA: 1s - loss: 0.4372 - acc: 0.8030
3328/3427 [============================>.] - ETA: 0s - loss: 0.4375 - acc: 0.8029
3392/3427 [============================>.] - ETA: 0s - loss: 0.4372 - acc: 0.8034
3427/3427 [==============================] - 35s 10ms/step - loss: 0.4366 - acc: 0.8039
Epoch 4/10

  64/3427 [..............................] - ETA: 33s - loss: 0.3117 - acc: 0.8438
 128/3427 [>.............................] - ETA: 33s - loss: 0.3688 - acc: 0.8281
 192/3427 [>.............................] - ETA: 32s - loss: 0.3527 - acc: 0.8385
 256/3427 [=>............................] - ETA: 31s - loss: 0.3597 - acc: 0.8398
 320/3427 [=>............................] - ETA: 31s - loss: 0.3393 - acc: 0.8500
 384/3427 [==>...........................] - ETA: 30s - loss: 0.3335 - acc: 0.8568
 448/3427 [==>...........................] - ETA: 29s - loss: 0.3352 - acc: 0.8616
 512/3427 [===>..........................] - ETA: 29s - loss: 0.3393 - acc: 0.8574
 576/3427 [====>.........................] - ETA: 28s - loss: 0.3410 - acc: 0.8542
 640/3427 [====>.........................] - ETA: 28s - loss: 0.3418 - acc: 0.8500
 704/3427 [=====>........................] - ETA: 27s - loss: 0.3400 - acc: 0.8523
 768/3427 [=====>........................] - ETA: 26s - loss: 0.3369 - acc: 0.8542
 832/3427 [======>.......................] - ETA: 26s - loss: 0.3497 - acc: 0.8498
 896/3427 [======>.......................] - ETA: 25s - loss: 0.3538 - acc: 0.8449
 960/3427 [=======>......................] - ETA: 24s - loss: 0.3556 - acc: 0.8458
1024/3427 [=======>......................] - ETA: 24s - loss: 0.3558 - acc: 0.8486
1088/3427 [========>.....................] - ETA: 23s - loss: 0.3536 - acc: 0.8456
1152/3427 [=========>....................] - ETA: 22s - loss: 0.3499 - acc: 0.8490
1216/3427 [=========>....................] - ETA: 22s - loss: 0.3522 - acc: 0.8487
1280/3427 [==========>...................] - ETA: 21s - loss: 0.3563 - acc: 0.8469
1344/3427 [==========>...................] - ETA: 20s - loss: 0.3509 - acc: 0.8490
1408/3427 [===========>..................] - ETA: 20s - loss: 0.3478 - acc: 0.8501
1472/3427 [===========>..................] - ETA: 19s - loss: 0.3480 - acc: 0.8512
1536/3427 [============>.................] - ETA: 19s - loss: 0.3495 - acc: 0.8522
1600/3427 [=============>................] - ETA: 18s - loss: 0.3463 - acc: 0.8544
1664/3427 [=============>................] - ETA: 17s - loss: 0.3594 - acc: 0.8510
1728/3427 [==============>...............] - ETA: 17s - loss: 0.3582 - acc: 0.8513
1792/3427 [==============>...............] - ETA: 16s - loss: 0.3598 - acc: 0.8493
1856/3427 [===============>..............] - ETA: 15s - loss: 0.3574 - acc: 0.8513
1920/3427 [===============>..............] - ETA: 15s - loss: 0.3608 - acc: 0.8500
1984/3427 [================>.............] - ETA: 14s - loss: 0.3626 - acc: 0.8493
2048/3427 [================>.............] - ETA: 13s - loss: 0.3643 - acc: 0.8486
2112/3427 [=================>............] - ETA: 13s - loss: 0.3684 - acc: 0.8475
2176/3427 [==================>...........] - ETA: 12s - loss: 0.3673 - acc: 0.8479
2240/3427 [==================>...........] - ETA: 11s - loss: 0.3645 - acc: 0.8487
2304/3427 [===================>..........] - ETA: 11s - loss: 0.3627 - acc: 0.8498
2368/3427 [===================>..........] - ETA: 10s - loss: 0.3626 - acc: 0.8488
2432/3427 [====================>.........] - ETA: 10s - loss: 0.3629 - acc: 0.8487
2496/3427 [====================>.........] - ETA: 9s - loss: 0.3666 - acc: 0.8474 
2560/3427 [=====================>........] - ETA: 8s - loss: 0.3667 - acc: 0.8480
2624/3427 [=====================>........] - ETA: 8s - loss: 0.3676 - acc: 0.8476
2688/3427 [======================>.......] - ETA: 7s - loss: 0.3668 - acc: 0.8475
2752/3427 [=======================>......] - ETA: 6s - loss: 0.3657 - acc: 0.8481
2816/3427 [=======================>......] - ETA: 6s - loss: 0.3666 - acc: 0.8473
2880/3427 [========================>.....] - ETA: 5s - loss: 0.3656 - acc: 0.8479
2944/3427 [========================>.....] - ETA: 4s - loss: 0.3657 - acc: 0.8478
3008/3427 [=========================>....] - ETA: 4s - loss: 0.3639 - acc: 0.8487
3072/3427 [=========================>....] - ETA: 3s - loss: 0.3627 - acc: 0.8493
3136/3427 [==========================>...] - ETA: 2s - loss: 0.3626 - acc: 0.8489
3200/3427 [===========================>..] - ETA: 2s - loss: 0.3628 - acc: 0.8481
3264/3427 [===========================>..] - ETA: 1s - loss: 0.3642 - acc: 0.8480
3328/3427 [============================>.] - ETA: 0s - loss: 0.3626 - acc: 0.8489
3392/3427 [============================>.] - ETA: 0s - loss: 0.3621 - acc: 0.8488
3427/3427 [==============================] - 35s 10ms/step - loss: 0.3604 - acc: 0.8497
Epoch 5/10

  64/3427 [..............................] - ETA: 33s - loss: 0.4246 - acc: 0.8438
 128/3427 [>.............................] - ETA: 32s - loss: 0.4127 - acc: 0.8047
 192/3427 [>.............................] - ETA: 32s - loss: 0.3709 - acc: 0.8333
 256/3427 [=>............................] - ETA: 31s - loss: 0.3866 - acc: 0.8398
 320/3427 [=>............................] - ETA: 31s - loss: 0.3860 - acc: 0.8344
 384/3427 [==>...........................] - ETA: 30s - loss: 0.3901 - acc: 0.8255
 448/3427 [==>...........................] - ETA: 30s - loss: 0.3808 - acc: 0.8393
 512/3427 [===>..........................] - ETA: 29s - loss: 0.3729 - acc: 0.8457
 576/3427 [====>.........................] - ETA: 28s - loss: 0.3591 - acc: 0.8524
 640/3427 [====>.........................] - ETA: 28s - loss: 0.3543 - acc: 0.8562
 704/3427 [=====>........................] - ETA: 27s - loss: 0.3436 - acc: 0.8622
 768/3427 [=====>........................] - ETA: 26s - loss: 0.3427 - acc: 0.8594
 832/3427 [======>.......................] - ETA: 26s - loss: 0.3359 - acc: 0.8630
 896/3427 [======>.......................] - ETA: 25s - loss: 0.3343 - acc: 0.8616
 960/3427 [=======>......................] - ETA: 24s - loss: 0.3391 - acc: 0.8594
1024/3427 [=======>......................] - ETA: 24s - loss: 0.3328 - acc: 0.8643
1088/3427 [========>.....................] - ETA: 23s - loss: 0.3308 - acc: 0.8649
1152/3427 [=========>....................] - ETA: 22s - loss: 0.3282 - acc: 0.8663
1216/3427 [=========>....................] - ETA: 22s - loss: 0.3235 - acc: 0.8692
1280/3427 [==========>...................] - ETA: 21s - loss: 0.3363 - acc: 0.8633
1344/3427 [==========>...................] - ETA: 20s - loss: 0.3410 - acc: 0.8586
1408/3427 [===========>..................] - ETA: 20s - loss: 0.3418 - acc: 0.8572
1472/3427 [===========>..................] - ETA: 19s - loss: 0.3414 - acc: 0.8594
1536/3427 [============>.................] - ETA: 19s - loss: 0.3411 - acc: 0.8581
1600/3427 [=============>................] - ETA: 18s - loss: 0.3374 - acc: 0.8594
1664/3427 [=============>................] - ETA: 17s - loss: 0.3339 - acc: 0.8606
1728/3427 [==============>...............] - ETA: 17s - loss: 0.3345 - acc: 0.8611
1792/3427 [==============>...............] - ETA: 16s - loss: 0.3354 - acc: 0.8616
1856/3427 [===============>..............] - ETA: 15s - loss: 0.3366 - acc: 0.8594
1920/3427 [===============>..............] - ETA: 15s - loss: 0.3353 - acc: 0.8594
1984/3427 [================>.............] - ETA: 14s - loss: 0.3368 - acc: 0.8594
2048/3427 [================>.............] - ETA: 13s - loss: 0.3348 - acc: 0.8608
2112/3427 [=================>............] - ETA: 13s - loss: 0.3338 - acc: 0.8622
2176/3427 [==================>...........] - ETA: 12s - loss: 0.3325 - acc: 0.8635
2240/3427 [==================>...........] - ETA: 11s - loss: 0.3332 - acc: 0.8629
2304/3427 [===================>..........] - ETA: 11s - loss: 0.3357 - acc: 0.8598
2368/3427 [===================>..........] - ETA: 10s - loss: 0.3331 - acc: 0.8615
2432/3427 [====================>.........] - ETA: 10s - loss: 0.3333 - acc: 0.8623
2496/3427 [====================>.........] - ETA: 9s - loss: 0.3334 - acc: 0.8622 
2560/3427 [=====================>........] - ETA: 8s - loss: 0.3323 - acc: 0.8625
2624/3427 [=====================>........] - ETA: 8s - loss: 0.3305 - acc: 0.8628
2688/3427 [======================>.......] - ETA: 7s - loss: 0.3308 - acc: 0.8631
2752/3427 [=======================>......] - ETA: 6s - loss: 0.3300 - acc: 0.8641
2816/3427 [=======================>......] - ETA: 6s - loss: 0.3283 - acc: 0.8658
2880/3427 [========================>.....] - ETA: 5s - loss: 0.3316 - acc: 0.8632
2944/3427 [========================>.....] - ETA: 4s - loss: 0.3363 - acc: 0.8601
3008/3427 [=========================>....] - ETA: 4s - loss: 0.3388 - acc: 0.8587
3072/3427 [=========================>....] - ETA: 3s - loss: 0.3373 - acc: 0.8600
3136/3427 [==========================>...] - ETA: 2s - loss: 0.3375 - acc: 0.8603
3200/3427 [===========================>..] - ETA: 2s - loss: 0.3356 - acc: 0.8606
3264/3427 [===========================>..] - ETA: 1s - loss: 0.3349 - acc: 0.8606
3328/3427 [============================>.] - ETA: 0s - loss: 0.3322 - acc: 0.8621
3392/3427 [============================>.] - ETA: 0s - loss: 0.3320 - acc: 0.8623
3427/3427 [==============================] - 35s 10ms/step - loss: 0.3320 - acc: 0.8626
Epoch 6/10

  64/3427 [..............................] - ETA: 33s - loss: 0.3157 - acc: 0.8750
 128/3427 [>.............................] - ETA: 33s - loss: 0.3091 - acc: 0.8828
 192/3427 [>.............................] - ETA: 32s - loss: 0.2815 - acc: 0.8854
 256/3427 [=>............................] - ETA: 32s - loss: 0.2771 - acc: 0.8867
 320/3427 [=>............................] - ETA: 31s - loss: 0.2661 - acc: 0.8844
 384/3427 [==>...........................] - ETA: 30s - loss: 0.2769 - acc: 0.8802
 448/3427 [==>...........................] - ETA: 30s - loss: 0.2851 - acc: 0.8795
 512/3427 [===>..........................] - ETA: 29s - loss: 0.2831 - acc: 0.8867
 576/3427 [====>.........................] - ETA: 29s - loss: 0.2963 - acc: 0.8854
 640/3427 [====>.........................] - ETA: 28s - loss: 0.2928 - acc: 0.8875
 704/3427 [=====>........................] - ETA: 27s - loss: 0.2817 - acc: 0.8949
 768/3427 [=====>........................] - ETA: 27s - loss: 0.2842 - acc: 0.8958
 832/3427 [======>.......................] - ETA: 26s - loss: 0.2825 - acc: 0.8954
 896/3427 [======>.......................] - ETA: 25s - loss: 0.2869 - acc: 0.8940
 960/3427 [=======>......................] - ETA: 25s - loss: 0.2915 - acc: 0.8927
1024/3427 [=======>......................] - ETA: 24s - loss: 0.2879 - acc: 0.8945
1088/3427 [========>.....................] - ETA: 23s - loss: 0.2953 - acc: 0.8925
1152/3427 [=========>....................] - ETA: 23s - loss: 0.2940 - acc: 0.8941
1216/3427 [=========>....................] - ETA: 22s - loss: 0.2968 - acc: 0.8906
1280/3427 [==========>...................] - ETA: 21s - loss: 0.2936 - acc: 0.8898
1344/3427 [==========>...................] - ETA: 21s - loss: 0.2874 - acc: 0.8921
1408/3427 [===========>..................] - ETA: 20s - loss: 0.2858 - acc: 0.8920
1472/3427 [===========>..................] - ETA: 19s - loss: 0.2811 - acc: 0.8933
1536/3427 [============>.................] - ETA: 19s - loss: 0.2846 - acc: 0.8906
1600/3427 [=============>................] - ETA: 18s - loss: 0.2827 - acc: 0.8912
1664/3427 [=============>................] - ETA: 17s - loss: 0.2974 - acc: 0.8858
1728/3427 [==============>...............] - ETA: 17s - loss: 0.3015 - acc: 0.8825
1792/3427 [==============>...............] - ETA: 16s - loss: 0.3019 - acc: 0.8834
1856/3427 [===============>..............] - ETA: 15s - loss: 0.3014 - acc: 0.8842
1920/3427 [===============>..............] - ETA: 15s - loss: 0.3012 - acc: 0.8839
1984/3427 [================>.............] - ETA: 14s - loss: 0.3016 - acc: 0.8836
2048/3427 [================>.............] - ETA: 13s - loss: 0.2994 - acc: 0.8853
2112/3427 [=================>............] - ETA: 13s - loss: 0.3006 - acc: 0.8849
2176/3427 [==================>...........] - ETA: 12s - loss: 0.2992 - acc: 0.8856
2240/3427 [==================>...........] - ETA: 12s - loss: 0.2988 - acc: 0.8857
2304/3427 [===================>..........] - ETA: 11s - loss: 0.2971 - acc: 0.8872
2368/3427 [===================>..........] - ETA: 10s - loss: 0.2970 - acc: 0.8864
2432/3427 [====================>.........] - ETA: 10s - loss: 0.2964 - acc: 0.8857
2496/3427 [====================>.........] - ETA: 9s - loss: 0.2950 - acc: 0.8866 
2560/3427 [=====================>........] - ETA: 8s - loss: 0.2955 - acc: 0.8867
2624/3427 [=====================>........] - ETA: 8s - loss: 0.2926 - acc: 0.8883
2688/3427 [======================>.......] - ETA: 7s - loss: 0.2961 - acc: 0.8862
2752/3427 [=======================>......] - ETA: 6s - loss: 0.2947 - acc: 0.8859
2816/3427 [=======================>......] - ETA: 6s - loss: 0.2948 - acc: 0.8857
2880/3427 [========================>.....] - ETA: 5s - loss: 0.2937 - acc: 0.8858
2944/3427 [========================>.....] - ETA: 4s - loss: 0.2930 - acc: 0.8862
3008/3427 [=========================>....] - ETA: 4s - loss: 0.2920 - acc: 0.8866
3072/3427 [=========================>....] - ETA: 3s - loss: 0.2924 - acc: 0.8861
3136/3427 [==========================>...] - ETA: 2s - loss: 0.2918 - acc: 0.8865
3200/3427 [===========================>..] - ETA: 2s - loss: 0.2916 - acc: 0.8872
3264/3427 [===========================>..] - ETA: 1s - loss: 0.2907 - acc: 0.8876
3328/3427 [============================>.] - ETA: 0s - loss: 0.2904 - acc: 0.8873
3392/3427 [============================>.] - ETA: 0s - loss: 0.2904 - acc: 0.8865
3427/3427 [==============================] - 35s 10ms/step - loss: 0.2921 - acc: 0.8856
Epoch 7/10

  64/3427 [..............................] - ETA: 33s - loss: 0.1759 - acc: 0.9375
 128/3427 [>.............................] - ETA: 33s - loss: 0.2286 - acc: 0.9141
 192/3427 [>.............................] - ETA: 32s - loss: 0.2152 - acc: 0.9271
 256/3427 [=>............................] - ETA: 31s - loss: 0.1951 - acc: 0.9375
 320/3427 [=>............................] - ETA: 31s - loss: 0.2135 - acc: 0.9281
 384/3427 [==>...........................] - ETA: 30s - loss: 0.2281 - acc: 0.9271
 448/3427 [==>...........................] - ETA: 29s - loss: 0.2313 - acc: 0.9263
 512/3427 [===>..........................] - ETA: 29s - loss: 0.2488 - acc: 0.9180
 576/3427 [====>.........................] - ETA: 28s - loss: 0.2464 - acc: 0.9201
 640/3427 [====>.........................] - ETA: 28s - loss: 0.2516 - acc: 0.9203
 704/3427 [=====>........................] - ETA: 27s - loss: 0.2522 - acc: 0.9205
 768/3427 [=====>........................] - ETA: 26s - loss: 0.2558 - acc: 0.9167
 832/3427 [======>.......................] - ETA: 26s - loss: 0.2492 - acc: 0.9171
 896/3427 [======>.......................] - ETA: 25s - loss: 0.2564 - acc: 0.9129
 960/3427 [=======>......................] - ETA: 24s - loss: 0.2597 - acc: 0.9083
1024/3427 [=======>......................] - ETA: 24s - loss: 0.2592 - acc: 0.9092
1088/3427 [========>.....................] - ETA: 23s - loss: 0.2652 - acc: 0.9072
1152/3427 [=========>....................] - ETA: 22s - loss: 0.2654 - acc: 0.9080
1216/3427 [=========>....................] - ETA: 22s - loss: 0.2604 - acc: 0.9104
1280/3427 [==========>...................] - ETA: 21s - loss: 0.2545 - acc: 0.9117
1344/3427 [==========>...................] - ETA: 21s - loss: 0.2525 - acc: 0.9115
1408/3427 [===========>..................] - ETA: 20s - loss: 0.2528 - acc: 0.9119
1472/3427 [===========>..................] - ETA: 19s - loss: 0.2539 - acc: 0.9130
1536/3427 [============>.................] - ETA: 19s - loss: 0.2537 - acc: 0.9134
1600/3427 [=============>................] - ETA: 18s - loss: 0.2553 - acc: 0.9113
1664/3427 [=============>................] - ETA: 17s - loss: 0.2613 - acc: 0.9069
1728/3427 [==============>...............] - ETA: 17s - loss: 0.2693 - acc: 0.9022
1792/3427 [==============>...............] - ETA: 16s - loss: 0.2714 - acc: 0.9007
1856/3427 [===============>..............] - ETA: 15s - loss: 0.2704 - acc: 0.9009
1920/3427 [===============>..............] - ETA: 15s - loss: 0.2714 - acc: 0.8990
1984/3427 [================>.............] - ETA: 14s - loss: 0.2698 - acc: 0.9002
2048/3427 [================>.............] - ETA: 13s - loss: 0.2721 - acc: 0.8994
2112/3427 [=================>............] - ETA: 13s - loss: 0.2701 - acc: 0.9006
2176/3427 [==================>...........] - ETA: 12s - loss: 0.2749 - acc: 0.8975
2240/3427 [==================>...........] - ETA: 11s - loss: 0.2735 - acc: 0.8973
2304/3427 [===================>..........] - ETA: 11s - loss: 0.2731 - acc: 0.8971
2368/3427 [===================>..........] - ETA: 10s - loss: 0.2711 - acc: 0.8978
2432/3427 [====================>.........] - ETA: 10s - loss: 0.2743 - acc: 0.8968
2496/3427 [====================>.........] - ETA: 9s - loss: 0.2742 - acc: 0.8958 
2560/3427 [=====================>........] - ETA: 8s - loss: 0.2740 - acc: 0.8953
2624/3427 [=====================>........] - ETA: 8s - loss: 0.2714 - acc: 0.8971
2688/3427 [======================>.......] - ETA: 7s - loss: 0.2700 - acc: 0.8977
2752/3427 [=======================>......] - ETA: 6s - loss: 0.2703 - acc: 0.8979
2816/3427 [=======================>......] - ETA: 6s - loss: 0.2687 - acc: 0.8981
2880/3427 [========================>.....] - ETA: 5s - loss: 0.2687 - acc: 0.8983
2944/3427 [========================>.....] - ETA: 4s - loss: 0.2670 - acc: 0.8991
3008/3427 [=========================>....] - ETA: 4s - loss: 0.2673 - acc: 0.8986
3072/3427 [=========================>....] - ETA: 3s - loss: 0.2696 - acc: 0.8975
3136/3427 [==========================>...] - ETA: 2s - loss: 0.2694 - acc: 0.8980
3200/3427 [===========================>..] - ETA: 2s - loss: 0.2693 - acc: 0.8984
3264/3427 [===========================>..] - ETA: 1s - loss: 0.2683 - acc: 0.8989
3328/3427 [============================>.] - ETA: 1s - loss: 0.2713 - acc: 0.8966
3392/3427 [============================>.] - ETA: 0s - loss: 0.2768 - acc: 0.8939
3427/3427 [==============================] - 35s 10ms/step - loss: 0.2788 - acc: 0.8932
Epoch 8/10

  64/3427 [..............................] - ETA: 33s - loss: 0.1970 - acc: 0.9688
 128/3427 [>.............................] - ETA: 33s - loss: 0.1988 - acc: 0.9531
 192/3427 [>.............................] - ETA: 32s - loss: 0.1680 - acc: 0.9531
 256/3427 [=>............................] - ETA: 31s - loss: 0.2021 - acc: 0.9375
 320/3427 [=>............................] - ETA: 31s - loss: 0.2109 - acc: 0.9375
 384/3427 [==>...........................] - ETA: 30s - loss: 0.2158 - acc: 0.9323
 448/3427 [==>...........................] - ETA: 29s - loss: 0.2154 - acc: 0.9308
 512/3427 [===>..........................] - ETA: 28s - loss: 0.2130 - acc: 0.9316
 576/3427 [====>.........................] - ETA: 27s - loss: 0.2141 - acc: 0.9306
 640/3427 [====>.........................] - ETA: 26s - loss: 0.2216 - acc: 0.9250
 704/3427 [=====>........................] - ETA: 26s - loss: 0.2224 - acc: 0.9247
 768/3427 [=====>........................] - ETA: 25s - loss: 0.2390 - acc: 0.9154
 832/3427 [======>.......................] - ETA: 25s - loss: 0.2367 - acc: 0.9135
 896/3427 [======>.......................] - ETA: 24s - loss: 0.2400 - acc: 0.9141
 960/3427 [=======>......................] - ETA: 23s - loss: 0.2411 - acc: 0.9104
1024/3427 [=======>......................] - ETA: 23s - loss: 0.2367 - acc: 0.9111
1088/3427 [========>.....................] - ETA: 22s - loss: 0.2371 - acc: 0.9099
1152/3427 [=========>....................] - ETA: 21s - loss: 0.2356 - acc: 0.9097
1216/3427 [=========>....................] - ETA: 21s - loss: 0.2370 - acc: 0.9079
1280/3427 [==========>...................] - ETA: 20s - loss: 0.2455 - acc: 0.9039
1344/3427 [==========>...................] - ETA: 19s - loss: 0.2532 - acc: 0.8988
1408/3427 [===========>..................] - ETA: 19s - loss: 0.2525 - acc: 0.8977
1472/3427 [===========>..................] - ETA: 18s - loss: 0.2545 - acc: 0.8981
1536/3427 [============>.................] - ETA: 17s - loss: 0.2534 - acc: 0.8984
1600/3427 [=============>................] - ETA: 17s - loss: 0.2537 - acc: 0.8981
1664/3427 [=============>................] - ETA: 16s - loss: 0.2515 - acc: 0.8990
1728/3427 [==============>...............] - ETA: 16s - loss: 0.2490 - acc: 0.8999
1792/3427 [==============>...............] - ETA: 15s - loss: 0.2523 - acc: 0.8990
1856/3427 [===============>..............] - ETA: 14s - loss: 0.2548 - acc: 0.8987
1920/3427 [===============>..............] - ETA: 14s - loss: 0.2537 - acc: 0.8990
1984/3427 [================>.............] - ETA: 13s - loss: 0.2504 - acc: 0.9007
2048/3427 [================>.............] - ETA: 12s - loss: 0.2503 - acc: 0.8999
2112/3427 [=================>............] - ETA: 12s - loss: 0.2518 - acc: 0.9001
2176/3427 [==================>...........] - ETA: 11s - loss: 0.2560 - acc: 0.8984
2240/3427 [==================>...........] - ETA: 11s - loss: 0.2546 - acc: 0.8991
2304/3427 [===================>..........] - ETA: 10s - loss: 0.2540 - acc: 0.8993
2368/3427 [===================>..........] - ETA: 9s - loss: 0.2583 - acc: 0.8974 
2432/3427 [====================>.........] - ETA: 9s - loss: 0.2565 - acc: 0.8988
2496/3427 [====================>.........] - ETA: 8s - loss: 0.2559 - acc: 0.8990
2560/3427 [=====================>........] - ETA: 8s - loss: 0.2585 - acc: 0.8980
2624/3427 [=====================>........] - ETA: 7s - loss: 0.2576 - acc: 0.8986
2688/3427 [======================>.......] - ETA: 6s - loss: 0.2597 - acc: 0.8973
2752/3427 [=======================>......] - ETA: 6s - loss: 0.2609 - acc: 0.8964
2816/3427 [=======================>......] - ETA: 5s - loss: 0.2588 - acc: 0.8977
2880/3427 [========================>.....] - ETA: 5s - loss: 0.2592 - acc: 0.8972
2944/3427 [========================>.....] - ETA: 4s - loss: 0.2586 - acc: 0.8971
3008/3427 [=========================>....] - ETA: 3s - loss: 0.2581 - acc: 0.8976
3072/3427 [=========================>....] - ETA: 3s - loss: 0.2587 - acc: 0.8975
3136/3427 [==========================>...] - ETA: 2s - loss: 0.2586 - acc: 0.8970
3200/3427 [===========================>..] - ETA: 2s - loss: 0.2584 - acc: 0.8972
3264/3427 [===========================>..] - ETA: 1s - loss: 0.2588 - acc: 0.8974
3328/3427 [============================>.] - ETA: 0s - loss: 0.2599 - acc: 0.8969
3392/3427 [============================>.] - ETA: 0s - loss: 0.2607 - acc: 0.8968
3427/3427 [==============================] - 32s 9ms/step - loss: 0.2609 - acc: 0.8967
Epoch 9/10

  64/3427 [..............................] - ETA: 33s - loss: 0.1948 - acc: 0.9688
 128/3427 [>.............................] - ETA: 33s - loss: 0.1965 - acc: 0.9609
 192/3427 [>.............................] - ETA: 32s - loss: 0.1889 - acc: 0.9531
 256/3427 [=>............................] - ETA: 32s - loss: 0.2177 - acc: 0.9336
 320/3427 [=>............................] - ETA: 31s - loss: 0.2110 - acc: 0.9344
 384/3427 [==>...........................] - ETA: 30s - loss: 0.2099 - acc: 0.9349
 448/3427 [==>...........................] - ETA: 30s - loss: 0.2209 - acc: 0.9286
 512/3427 [===>..........................] - ETA: 29s - loss: 0.2093 - acc: 0.9336
 576/3427 [====>.........................] - ETA: 28s - loss: 0.2190 - acc: 0.9288
 640/3427 [====>.........................] - ETA: 28s - loss: 0.2108 - acc: 0.9313
 704/3427 [=====>........................] - ETA: 27s - loss: 0.2104 - acc: 0.9304
 768/3427 [=====>........................] - ETA: 26s - loss: 0.2016 - acc: 0.9349
 832/3427 [======>.......................] - ETA: 26s - loss: 0.2055 - acc: 0.9327
 896/3427 [======>.......................] - ETA: 25s - loss: 0.2053 - acc: 0.9308
 960/3427 [=======>......................] - ETA: 24s - loss: 0.2102 - acc: 0.9281
1024/3427 [=======>......................] - ETA: 24s - loss: 0.2117 - acc: 0.9277
1088/3427 [========>.....................] - ETA: 23s - loss: 0.2179 - acc: 0.9237
1152/3427 [=========>....................] - ETA: 22s - loss: 0.2219 - acc: 0.9227
1216/3427 [=========>....................] - ETA: 22s - loss: 0.2213 - acc: 0.9211
1280/3427 [==========>...................] - ETA: 21s - loss: 0.2214 - acc: 0.9203
1344/3427 [==========>...................] - ETA: 20s - loss: 0.2189 - acc: 0.9211
1408/3427 [===========>..................] - ETA: 20s - loss: 0.2196 - acc: 0.9197
1472/3427 [===========>..................] - ETA: 19s - loss: 0.2236 - acc: 0.9164
1536/3427 [============>.................] - ETA: 19s - loss: 0.2392 - acc: 0.9121
1600/3427 [=============>................] - ETA: 18s - loss: 0.2395 - acc: 0.9125
1664/3427 [=============>................] - ETA: 17s - loss: 0.2392 - acc: 0.9117
1728/3427 [==============>...............] - ETA: 17s - loss: 0.2403 - acc: 0.9109
1792/3427 [==============>...............] - ETA: 16s - loss: 0.2378 - acc: 0.9124
1856/3427 [===============>..............] - ETA: 15s - loss: 0.2392 - acc: 0.9116
1920/3427 [===============>..............] - ETA: 15s - loss: 0.2419 - acc: 0.9094
1984/3427 [================>.............] - ETA: 14s - loss: 0.2440 - acc: 0.9073
2048/3427 [================>.............] - ETA: 13s - loss: 0.2460 - acc: 0.9062
2112/3427 [=================>............] - ETA: 13s - loss: 0.2483 - acc: 0.9053
2176/3427 [==================>...........] - ETA: 12s - loss: 0.2486 - acc: 0.9058
2240/3427 [==================>...........] - ETA: 11s - loss: 0.2535 - acc: 0.9045
2304/3427 [===================>..........] - ETA: 11s - loss: 0.2519 - acc: 0.9054
2368/3427 [===================>..........] - ETA: 10s - loss: 0.2519 - acc: 0.9050
2432/3427 [====================>.........] - ETA: 10s - loss: 0.2533 - acc: 0.9046
2496/3427 [====================>.........] - ETA: 9s - loss: 0.2558 - acc: 0.9038 
2560/3427 [=====================>........] - ETA: 8s - loss: 0.2541 - acc: 0.9043
2624/3427 [=====================>........] - ETA: 8s - loss: 0.2534 - acc: 0.9043
2688/3427 [======================>.......] - ETA: 7s - loss: 0.2532 - acc: 0.9048
2752/3427 [=======================>......] - ETA: 6s - loss: 0.2505 - acc: 0.9062
2816/3427 [=======================>......] - ETA: 6s - loss: 0.2512 - acc: 0.9055
2880/3427 [========================>.....] - ETA: 5s - loss: 0.2507 - acc: 0.9059
2944/3427 [========================>.....] - ETA: 4s - loss: 0.2551 - acc: 0.9046
3008/3427 [=========================>....] - ETA: 4s - loss: 0.2538 - acc: 0.9056
3072/3427 [=========================>....] - ETA: 3s - loss: 0.2540 - acc: 0.9049
3136/3427 [==========================>...] - ETA: 2s - loss: 0.2560 - acc: 0.9037
3200/3427 [===========================>..] - ETA: 2s - loss: 0.2567 - acc: 0.9031
3264/3427 [===========================>..] - ETA: 1s - loss: 0.2582 - acc: 0.9017
3328/3427 [============================>.] - ETA: 0s - loss: 0.2592 - acc: 0.9008
3392/3427 [============================>.] - ETA: 0s - loss: 0.2580 - acc: 0.9015
3427/3427 [==============================] - 35s 10ms/step - loss: 0.2571 - acc: 0.9017
Epoch 10/10

  64/3427 [..............................] - ETA: 34s - loss: 0.2083 - acc: 0.9375
 128/3427 [>.............................] - ETA: 33s - loss: 0.1880 - acc: 0.9453
 192/3427 [>.............................] - ETA: 32s - loss: 0.2224 - acc: 0.9271
 256/3427 [=>............................] - ETA: 31s - loss: 0.2136 - acc: 0.9375
 320/3427 [=>............................] - ETA: 31s - loss: 0.1937 - acc: 0.9406
 384/3427 [==>...........................] - ETA: 30s - loss: 0.2138 - acc: 0.9297
 448/3427 [==>...........................] - ETA: 30s - loss: 0.2187 - acc: 0.9263
 512/3427 [===>..........................] - ETA: 29s - loss: 0.2209 - acc: 0.9199
 576/3427 [====>.........................] - ETA: 28s - loss: 0.2222 - acc: 0.9184
 640/3427 [====>.........................] - ETA: 28s - loss: 0.2171 - acc: 0.9219
 704/3427 [=====>........................] - ETA: 27s - loss: 0.2232 - acc: 0.9162
 768/3427 [=====>........................] - ETA: 26s - loss: 0.2229 - acc: 0.9154
 832/3427 [======>.......................] - ETA: 26s - loss: 0.2361 - acc: 0.9135
 896/3427 [======>.......................] - ETA: 25s - loss: 0.2313 - acc: 0.9163
 960/3427 [=======>......................] - ETA: 24s - loss: 0.2328 - acc: 0.9135
1024/3427 [=======>......................] - ETA: 24s - loss: 0.2345 - acc: 0.9131
1088/3427 [========>.....................] - ETA: 23s - loss: 0.2326 - acc: 0.9127
1152/3427 [=========>....................] - ETA: 22s - loss: 0.2323 - acc: 0.9115
1216/3427 [=========>....................] - ETA: 22s - loss: 0.2395 - acc: 0.9104
1280/3427 [==========>...................] - ETA: 21s - loss: 0.2393 - acc: 0.9109
1344/3427 [==========>...................] - ETA: 21s - loss: 0.2372 - acc: 0.9122
1408/3427 [===========>..................] - ETA: 20s - loss: 0.2434 - acc: 0.9091
1472/3427 [===========>..................] - ETA: 19s - loss: 0.2465 - acc: 0.9083
1536/3427 [============>.................] - ETA: 19s - loss: 0.2428 - acc: 0.9102
1600/3427 [=============>................] - ETA: 18s - loss: 0.2403 - acc: 0.9106
1664/3427 [=============>................] - ETA: 17s - loss: 0.2419 - acc: 0.9105
1728/3427 [==============>...............] - ETA: 17s - loss: 0.2400 - acc: 0.9097
1792/3427 [==============>...............] - ETA: 16s - loss: 0.2392 - acc: 0.9096
1856/3427 [===============>..............] - ETA: 15s - loss: 0.2419 - acc: 0.9084
1920/3427 [===============>..............] - ETA: 15s - loss: 0.2469 - acc: 0.9057
1984/3427 [================>.............] - ETA: 14s - loss: 0.2487 - acc: 0.9052
2048/3427 [================>.............] - ETA: 13s - loss: 0.2473 - acc: 0.9058
2112/3427 [=================>............] - ETA: 13s - loss: 0.2466 - acc: 0.9067
2176/3427 [==================>...........] - ETA: 12s - loss: 0.2482 - acc: 0.9058
2240/3427 [==================>...........] - ETA: 11s - loss: 0.2512 - acc: 0.9049
2304/3427 [===================>..........] - ETA: 11s - loss: 0.2503 - acc: 0.9049
2368/3427 [===================>..........] - ETA: 10s - loss: 0.2502 - acc: 0.9050
2432/3427 [====================>.........] - ETA: 10s - loss: 0.2473 - acc: 0.9058
2496/3427 [====================>.........] - ETA: 9s - loss: 0.2444 - acc: 0.9071 
2560/3427 [=====================>........] - ETA: 8s - loss: 0.2447 - acc: 0.9062
2624/3427 [=====================>........] - ETA: 8s - loss: 0.2443 - acc: 0.9059
2688/3427 [======================>.......] - ETA: 7s - loss: 0.2451 - acc: 0.9048
2752/3427 [=======================>......] - ETA: 6s - loss: 0.2462 - acc: 0.9052
2816/3427 [=======================>......] - ETA: 6s - loss: 0.2463 - acc: 0.9048
2880/3427 [========================>.....] - ETA: 5s - loss: 0.2444 - acc: 0.9059
2944/3427 [========================>.....] - ETA: 4s - loss: 0.2413 - acc: 0.9073
3008/3427 [=========================>....] - ETA: 4s - loss: 0.2439 - acc: 0.9069
3072/3427 [=========================>....] - ETA: 3s - loss: 0.2422 - acc: 0.9076
3136/3427 [==========================>...] - ETA: 2s - loss: 0.2411 - acc: 0.9078
3200/3427 [===========================>..] - ETA: 2s - loss: 0.2430 - acc: 0.9075
3264/3427 [===========================>..] - ETA: 1s - loss: 0.2441 - acc: 0.9069
3328/3427 [============================>.] - ETA: 0s - loss: 0.2417 - acc: 0.9081
3392/3427 [============================>.] - ETA: 0s - loss: 0.2417 - acc: 0.9077
3427/3427 [==============================] - 35s 10ms/step - loss: 0.2415 - acc: 0.9075
Evaluating model ... 

   1/1970 [..............................] - ETA: 6:56
   5/1970 [..............................] - ETA: 1:47
   9/1970 [..............................] - ETA: 1:12
  13/1970 [..............................] - ETA: 59s 
  17/1970 [..............................] - ETA: 52s
  21/1970 [..............................] - ETA: 48s
  25/1970 [..............................] - ETA: 45s
  29/1970 [..............................] - ETA: 42s
  33/1970 [..............................] - ETA: 41s
  37/1970 [..............................] - ETA: 39s
  41/1970 [..............................] - ETA: 38s
  45/1970 [..............................] - ETA: 37s
  49/1970 [..............................] - ETA: 37s
  53/1970 [..............................] - ETA: 36s
  57/1970 [..............................] - ETA: 35s
  61/1970 [..............................] - ETA: 35s
  65/1970 [..............................] - ETA: 34s
  69/1970 [>.............................] - ETA: 34s
  73/1970 [>.............................] - ETA: 34s
  77/1970 [>.............................] - ETA: 33s
  81/1970 [>.............................] - ETA: 33s
  85/1970 [>.............................] - ETA: 33s
  89/1970 [>.............................] - ETA: 33s
  93/1970 [>.............................] - ETA: 32s
  97/1970 [>.............................] - ETA: 32s
 101/1970 [>.............................] - ETA: 32s
 105/1970 [>.............................] - ETA: 32s
 109/1970 [>.............................] - ETA: 31s
 113/1970 [>.............................] - ETA: 31s
 117/1970 [>.............................] - ETA: 31s
 121/1970 [>.............................] - ETA: 31s
 125/1970 [>.............................] - ETA: 31s
 129/1970 [>.............................] - ETA: 30s
 133/1970 [=>............................] - ETA: 30s
 137/1970 [=>............................] - ETA: 30s
 141/1970 [=>............................] - ETA: 30s
 145/1970 [=>............................] - ETA: 30s
 149/1970 [=>............................] - ETA: 30s
 153/1970 [=>............................] - ETA: 30s
 157/1970 [=>............................] - ETA: 29s
 161/1970 [=>............................] - ETA: 29s
 165/1970 [=>............................] - ETA: 29s
 169/1970 [=>............................] - ETA: 29s
 173/1970 [=>............................] - ETA: 29s
 177/1970 [=>............................] - ETA: 29s
 181/1970 [=>............................] - ETA: 29s
 185/1970 [=>............................] - ETA: 29s
 189/1970 [=>............................] - ETA: 29s
 193/1970 [=>............................] - ETA: 28s
 197/1970 [==>...........................] - ETA: 28s
 201/1970 [==>...........................] - ETA: 28s
 205/1970 [==>...........................] - ETA: 28s
 209/1970 [==>...........................] - ETA: 28s
 213/1970 [==>...........................] - ETA: 28s
 217/1970 [==>...........................] - ETA: 28s
 221/1970 [==>...........................] - ETA: 28s
 225/1970 [==>...........................] - ETA: 28s
 229/1970 [==>...........................] - ETA: 28s
 233/1970 [==>...........................] - ETA: 27s
 237/1970 [==>...........................] - ETA: 27s
 241/1970 [==>...........................] - ETA: 27s
 245/1970 [==>...........................] - ETA: 27s
 249/1970 [==>...........................] - ETA: 27s
 253/1970 [==>...........................] - ETA: 27s
 257/1970 [==>...........................] - ETA: 27s
 261/1970 [==>...........................] - ETA: 27s
 265/1970 [===>..........................] - ETA: 27s
 269/1970 [===>..........................] - ETA: 27s
 273/1970 [===>..........................] - ETA: 27s
 277/1970 [===>..........................] - ETA: 27s
 281/1970 [===>..........................] - ETA: 26s
 285/1970 [===>..........................] - ETA: 26s
 289/1970 [===>..........................] - ETA: 26s
 293/1970 [===>..........................] - ETA: 26s
 297/1970 [===>..........................] - ETA: 26s
 301/1970 [===>..........................] - ETA: 26s
 305/1970 [===>..........................] - ETA: 26s
 309/1970 [===>..........................] - ETA: 26s
 313/1970 [===>..........................] - ETA: 26s
 317/1970 [===>..........................] - ETA: 26s
 321/1970 [===>..........................] - ETA: 26s
 325/1970 [===>..........................] - ETA: 26s
 329/1970 [====>.........................] - ETA: 25s
 333/1970 [====>.........................] - ETA: 25s
 337/1970 [====>.........................] - ETA: 25s
 341/1970 [====>.........................] - ETA: 25s
 345/1970 [====>.........................] - ETA: 25s
 349/1970 [====>.........................] - ETA: 25s
 353/1970 [====>.........................] - ETA: 25s
 357/1970 [====>.........................] - ETA: 25s
 361/1970 [====>.........................] - ETA: 25s
 365/1970 [====>.........................] - ETA: 25s
 369/1970 [====>.........................] - ETA: 25s
 373/1970 [====>.........................] - ETA: 25s
 377/1970 [====>.........................] - ETA: 25s
 381/1970 [====>.........................] - ETA: 25s
 385/1970 [====>.........................] - ETA: 24s
 389/1970 [====>.........................] - ETA: 24s
 393/1970 [====>.........................] - ETA: 24s
 397/1970 [=====>........................] - ETA: 24s
 401/1970 [=====>........................] - ETA: 24s
 405/1970 [=====>........................] - ETA: 24s
 409/1970 [=====>........................] - ETA: 24s
 413/1970 [=====>........................] - ETA: 24s
 417/1970 [=====>........................] - ETA: 24s
 421/1970 [=====>........................] - ETA: 24s
 425/1970 [=====>........................] - ETA: 24s
 429/1970 [=====>........................] - ETA: 24s
 433/1970 [=====>........................] - ETA: 24s
 437/1970 [=====>........................] - ETA: 24s
 441/1970 [=====>........................] - ETA: 23s
 445/1970 [=====>........................] - ETA: 23s
 449/1970 [=====>........................] - ETA: 23s
 453/1970 [=====>........................] - ETA: 23s
 457/1970 [=====>........................] - ETA: 23s
 461/1970 [======>.......................] - ETA: 23s
 465/1970 [======>.......................] - ETA: 23s
 469/1970 [======>.......................] - ETA: 23s
 473/1970 [======>.......................] - ETA: 23s
 477/1970 [======>.......................] - ETA: 23s
 481/1970 [======>.......................] - ETA: 23s
 485/1970 [======>.......................] - ETA: 23s
 489/1970 [======>.......................] - ETA: 23s
 493/1970 [======>.......................] - ETA: 23s
 497/1970 [======>.......................] - ETA: 23s
 501/1970 [======>.......................] - ETA: 22s
 505/1970 [======>.......................] - ETA: 22s
 509/1970 [======>.......................] - ETA: 22s
 513/1970 [======>.......................] - ETA: 22s
 517/1970 [======>.......................] - ETA: 22s
 521/1970 [======>.......................] - ETA: 22s
 525/1970 [======>.......................] - ETA: 22s
 529/1970 [=======>......................] - ETA: 22s
 533/1970 [=======>......................] - ETA: 22s
 537/1970 [=======>......................] - ETA: 22s
 541/1970 [=======>......................] - ETA: 22s
 545/1970 [=======>......................] - ETA: 22s
 549/1970 [=======>......................] - ETA: 22s
 553/1970 [=======>......................] - ETA: 22s
 557/1970 [=======>......................] - ETA: 22s
 561/1970 [=======>......................] - ETA: 21s
 565/1970 [=======>......................] - ETA: 21s
 569/1970 [=======>......................] - ETA: 21s
 573/1970 [=======>......................] - ETA: 21s
 577/1970 [=======>......................] - ETA: 21s
 581/1970 [=======>......................] - ETA: 21s
 585/1970 [=======>......................] - ETA: 21s
 589/1970 [=======>......................] - ETA: 21s
 593/1970 [========>.....................] - ETA: 21s
 597/1970 [========>.....................] - ETA: 21s
 601/1970 [========>.....................] - ETA: 21s
 605/1970 [========>.....................] - ETA: 21s
 609/1970 [========>.....................] - ETA: 21s
 613/1970 [========>.....................] - ETA: 21s
 617/1970 [========>.....................] - ETA: 21s
 621/1970 [========>.....................] - ETA: 20s
 625/1970 [========>.....................] - ETA: 20s
 629/1970 [========>.....................] - ETA: 20s
 633/1970 [========>.....................] - ETA: 20s
 637/1970 [========>.....................] - ETA: 20s
 641/1970 [========>.....................] - ETA: 20s
 645/1970 [========>.....................] - ETA: 20s
 649/1970 [========>.....................] - ETA: 20s
 653/1970 [========>.....................] - ETA: 20s
 657/1970 [=========>....................] - ETA: 20s
 661/1970 [=========>....................] - ETA: 20s
 665/1970 [=========>....................] - ETA: 20s
 669/1970 [=========>....................] - ETA: 20s
 673/1970 [=========>....................] - ETA: 20s
 677/1970 [=========>....................] - ETA: 20s
 681/1970 [=========>....................] - ETA: 20s
 685/1970 [=========>....................] - ETA: 19s
 689/1970 [=========>....................] - ETA: 19s
 693/1970 [=========>....................] - ETA: 19s
 697/1970 [=========>....................] - ETA: 19s
 701/1970 [=========>....................] - ETA: 19s
 705/1970 [=========>....................] - ETA: 19s
 709/1970 [=========>....................] - ETA: 19s
 713/1970 [=========>....................] - ETA: 19s
 717/1970 [=========>....................] - ETA: 19s
 721/1970 [=========>....................] - ETA: 19s
 725/1970 [==========>...................] - ETA: 19s
 729/1970 [==========>...................] - ETA: 19s
 733/1970 [==========>...................] - ETA: 19s
 737/1970 [==========>...................] - ETA: 19s
 741/1970 [==========>...................] - ETA: 19s
 745/1970 [==========>...................] - ETA: 18s
 749/1970 [==========>...................] - ETA: 18s
 753/1970 [==========>...................] - ETA: 18s
 757/1970 [==========>...................] - ETA: 18s
 761/1970 [==========>...................] - ETA: 18s
 765/1970 [==========>...................] - ETA: 18s
 769/1970 [==========>...................] - ETA: 18s
 773/1970 [==========>...................] - ETA: 18s
 777/1970 [==========>...................] - ETA: 18s
 781/1970 [==========>...................] - ETA: 18s
 785/1970 [==========>...................] - ETA: 18s
 789/1970 [===========>..................] - ETA: 18s
 793/1970 [===========>..................] - ETA: 18s
 797/1970 [===========>..................] - ETA: 18s
 801/1970 [===========>..................] - ETA: 18s
 805/1970 [===========>..................] - ETA: 18s
 809/1970 [===========>..................] - ETA: 17s
 813/1970 [===========>..................] - ETA: 17s
 817/1970 [===========>..................] - ETA: 17s
 821/1970 [===========>..................] - ETA: 17s
 825/1970 [===========>..................] - ETA: 17s
 829/1970 [===========>..................] - ETA: 17s
 833/1970 [===========>..................] - ETA: 17s
 837/1970 [===========>..................] - ETA: 17s
 841/1970 [===========>..................] - ETA: 17s
 845/1970 [===========>..................] - ETA: 17s
 849/1970 [===========>..................] - ETA: 17s
 853/1970 [===========>..................] - ETA: 17s
 857/1970 [============>.................] - ETA: 17s
 861/1970 [============>.................] - ETA: 17s
 865/1970 [============>.................] - ETA: 17s
 869/1970 [============>.................] - ETA: 17s
 873/1970 [============>.................] - ETA: 16s
 877/1970 [============>.................] - ETA: 16s
 881/1970 [============>.................] - ETA: 16s
 885/1970 [============>.................] - ETA: 16s
 889/1970 [============>.................] - ETA: 16s
 893/1970 [============>.................] - ETA: 16s
 897/1970 [============>.................] - ETA: 16s
 901/1970 [============>.................] - ETA: 16s
 905/1970 [============>.................] - ETA: 16s
 909/1970 [============>.................] - ETA: 16s
 913/1970 [============>.................] - ETA: 16s
 917/1970 [============>.................] - ETA: 16s
 921/1970 [=============>................] - ETA: 16s
 925/1970 [=============>................] - ETA: 16s
 929/1970 [=============>................] - ETA: 16s
 933/1970 [=============>................] - ETA: 16s
 937/1970 [=============>................] - ETA: 15s
 941/1970 [=============>................] - ETA: 15s
 945/1970 [=============>................] - ETA: 15s
 949/1970 [=============>................] - ETA: 15s
 953/1970 [=============>................] - ETA: 15s
 957/1970 [=============>................] - ETA: 15s
 961/1970 [=============>................] - ETA: 15s
 965/1970 [=============>................] - ETA: 15s
 969/1970 [=============>................] - ETA: 15s
 973/1970 [=============>................] - ETA: 15s
 977/1970 [=============>................] - ETA: 15s
 981/1970 [=============>................] - ETA: 15s
 985/1970 [==============>...............] - ETA: 15s
 989/1970 [==============>...............] - ETA: 15s
 993/1970 [==============>...............] - ETA: 15s
 997/1970 [==============>...............] - ETA: 15s
1001/1970 [==============>...............] - ETA: 14s
1005/1970 [==============>...............] - ETA: 14s
1009/1970 [==============>...............] - ETA: 14s
1013/1970 [==============>...............] - ETA: 14s
1017/1970 [==============>...............] - ETA: 14s
1021/1970 [==============>...............] - ETA: 14s
1025/1970 [==============>...............] - ETA: 14s
1029/1970 [==============>...............] - ETA: 14s
1033/1970 [==============>...............] - ETA: 14s
1037/1970 [==============>...............] - ETA: 14s
1041/1970 [==============>...............] - ETA: 14s
1045/1970 [==============>...............] - ETA: 14s
1049/1970 [==============>...............] - ETA: 14s
1053/1970 [===============>..............] - ETA: 14s
1057/1970 [===============>..............] - ETA: 14s
1061/1970 [===============>..............] - ETA: 14s
1065/1970 [===============>..............] - ETA: 13s
1069/1970 [===============>..............] - ETA: 13s
1073/1970 [===============>..............] - ETA: 13s
1077/1970 [===============>..............] - ETA: 13s
1081/1970 [===============>..............] - ETA: 13s
1085/1970 [===============>..............] - ETA: 13s
1089/1970 [===============>..............] - ETA: 13s
1093/1970 [===============>..............] - ETA: 13s
1097/1970 [===============>..............] - ETA: 13s
1101/1970 [===============>..............] - ETA: 13s
1105/1970 [===============>..............] - ETA: 13s
1109/1970 [===============>..............] - ETA: 13s
1113/1970 [===============>..............] - ETA: 13s
1117/1970 [================>.............] - ETA: 13s
1121/1970 [================>.............] - ETA: 13s
1125/1970 [================>.............] - ETA: 13s
1129/1970 [================>.............] - ETA: 12s
1133/1970 [================>.............] - ETA: 12s
1137/1970 [================>.............] - ETA: 12s
1141/1970 [================>.............] - ETA: 12s
1145/1970 [================>.............] - ETA: 12s
1149/1970 [================>.............] - ETA: 12s
1153/1970 [================>.............] - ETA: 12s
1157/1970 [================>.............] - ETA: 12s
1161/1970 [================>.............] - ETA: 12s
1165/1970 [================>.............] - ETA: 12s
1169/1970 [================>.............] - ETA: 12s
1173/1970 [================>.............] - ETA: 12s
1177/1970 [================>.............] - ETA: 12s
1181/1970 [================>.............] - ETA: 12s
1185/1970 [=================>............] - ETA: 12s
1189/1970 [=================>............] - ETA: 12s
1193/1970 [=================>............] - ETA: 11s
1197/1970 [=================>............] - ETA: 11s
1201/1970 [=================>............] - ETA: 11s
1205/1970 [=================>............] - ETA: 11s
1209/1970 [=================>............] - ETA: 11s
1213/1970 [=================>............] - ETA: 11s
1217/1970 [=================>............] - ETA: 11s
1221/1970 [=================>............] - ETA: 11s
1225/1970 [=================>............] - ETA: 11s
1229/1970 [=================>............] - ETA: 11s
1233/1970 [=================>............] - ETA: 11s
1237/1970 [=================>............] - ETA: 11s
1241/1970 [=================>............] - ETA: 11s
1245/1970 [=================>............] - ETA: 11s
1249/1970 [==================>...........] - ETA: 11s
1253/1970 [==================>...........] - ETA: 11s
1257/1970 [==================>...........] - ETA: 10s
1261/1970 [==================>...........] - ETA: 10s
1265/1970 [==================>...........] - ETA: 10s
1269/1970 [==================>...........] - ETA: 10s
1273/1970 [==================>...........] - ETA: 10s
1277/1970 [==================>...........] - ETA: 10s
1281/1970 [==================>...........] - ETA: 10s
1285/1970 [==================>...........] - ETA: 10s
1289/1970 [==================>...........] - ETA: 10s
1293/1970 [==================>...........] - ETA: 10s
1297/1970 [==================>...........] - ETA: 10s
1301/1970 [==================>...........] - ETA: 10s
1305/1970 [==================>...........] - ETA: 10s
1309/1970 [==================>...........] - ETA: 10s
1313/1970 [==================>...........] - ETA: 10s
1317/1970 [===================>..........] - ETA: 10s
1321/1970 [===================>..........] - ETA: 9s 
1325/1970 [===================>..........] - ETA: 9s
1329/1970 [===================>..........] - ETA: 9s
1333/1970 [===================>..........] - ETA: 9s
1337/1970 [===================>..........] - ETA: 9s
1341/1970 [===================>..........] - ETA: 9s
1345/1970 [===================>..........] - ETA: 9s
1349/1970 [===================>..........] - ETA: 9s
1353/1970 [===================>..........] - ETA: 9s
1357/1970 [===================>..........] - ETA: 9s
1361/1970 [===================>..........] - ETA: 9s
1365/1970 [===================>..........] - ETA: 9s
1369/1970 [===================>..........] - ETA: 9s
1373/1970 [===================>..........] - ETA: 9s
1377/1970 [===================>..........] - ETA: 9s
1381/1970 [====================>.........] - ETA: 9s
1385/1970 [====================>.........] - ETA: 9s
1389/1970 [====================>.........] - ETA: 8s
1393/1970 [====================>.........] - ETA: 8s
1397/1970 [====================>.........] - ETA: 8s
1401/1970 [====================>.........] - ETA: 8s
1405/1970 [====================>.........] - ETA: 8s
1409/1970 [====================>.........] - ETA: 8s
1413/1970 [====================>.........] - ETA: 8s
1417/1970 [====================>.........] - ETA: 8s
1421/1970 [====================>.........] - ETA: 8s
1425/1970 [====================>.........] - ETA: 8s
1429/1970 [====================>.........] - ETA: 8s
1433/1970 [====================>.........] - ETA: 8s
1437/1970 [====================>.........] - ETA: 8s
1441/1970 [====================>.........] - ETA: 8s
1445/1970 [=====================>........] - ETA: 8s
1449/1970 [=====================>........] - ETA: 8s
1453/1970 [=====================>........] - ETA: 7s
1457/1970 [=====================>........] - ETA: 7s
1461/1970 [=====================>........] - ETA: 7s
1465/1970 [=====================>........] - ETA: 7s
1469/1970 [=====================>........] - ETA: 7s
1473/1970 [=====================>........] - ETA: 7s
1477/1970 [=====================>........] - ETA: 7s
1481/1970 [=====================>........] - ETA: 7s
1485/1970 [=====================>........] - ETA: 7s
1489/1970 [=====================>........] - ETA: 7s
1493/1970 [=====================>........] - ETA: 7s
1497/1970 [=====================>........] - ETA: 7s
1501/1970 [=====================>........] - ETA: 7s
1505/1970 [=====================>........] - ETA: 7s
1509/1970 [=====================>........] - ETA: 7s
1513/1970 [======================>.......] - ETA: 7s
1517/1970 [======================>.......] - ETA: 6s
1521/1970 [======================>.......] - ETA: 6s
1525/1970 [======================>.......] - ETA: 6s
1529/1970 [======================>.......] - ETA: 6s
1533/1970 [======================>.......] - ETA: 6s
1537/1970 [======================>.......] - ETA: 6s
1541/1970 [======================>.......] - ETA: 6s
1545/1970 [======================>.......] - ETA: 6s
1549/1970 [======================>.......] - ETA: 6s
1553/1970 [======================>.......] - ETA: 6s
1557/1970 [======================>.......] - ETA: 6s
1561/1970 [======================>.......] - ETA: 6s
1565/1970 [======================>.......] - ETA: 6s
1569/1970 [======================>.......] - ETA: 6s
1573/1970 [======================>.......] - ETA: 6s
1577/1970 [=======================>......] - ETA: 6s
1581/1970 [=======================>......] - ETA: 5s
1585/1970 [=======================>......] - ETA: 5s
1589/1970 [=======================>......] - ETA: 5s
1593/1970 [=======================>......] - ETA: 5s
1597/1970 [=======================>......] - ETA: 5s
1601/1970 [=======================>......] - ETA: 5s
1605/1970 [=======================>......] - ETA: 5s
1609/1970 [=======================>......] - ETA: 5s
1613/1970 [=======================>......] - ETA: 5s
1617/1970 [=======================>......] - ETA: 5s
1621/1970 [=======================>......] - ETA: 5s
1625/1970 [=======================>......] - ETA: 5s
1629/1970 [=======================>......] - ETA: 5s
1633/1970 [=======================>......] - ETA: 5s
1637/1970 [=======================>......] - ETA: 5s
1641/1970 [=======================>......] - ETA: 5s
1645/1970 [========================>.....] - ETA: 4s
1649/1970 [========================>.....] - ETA: 4s
1653/1970 [========================>.....] - ETA: 4s
1657/1970 [========================>.....] - ETA: 4s
1661/1970 [========================>.....] - ETA: 4s
1665/1970 [========================>.....] - ETA: 4s
1669/1970 [========================>.....] - ETA: 4s
1673/1970 [========================>.....] - ETA: 4s
1677/1970 [========================>.....] - ETA: 4s
1681/1970 [========================>.....] - ETA: 4s
1685/1970 [========================>.....] - ETA: 4s
1689/1970 [========================>.....] - ETA: 4s
1693/1970 [========================>.....] - ETA: 4s
1697/1970 [========================>.....] - ETA: 4s
1701/1970 [========================>.....] - ETA: 4s
1705/1970 [========================>.....] - ETA: 4s
1709/1970 [=========================>....] - ETA: 4s
1713/1970 [=========================>....] - ETA: 3s
1717/1970 [=========================>....] - ETA: 3s
1721/1970 [=========================>....] - ETA: 3s
1725/1970 [=========================>....] - ETA: 3s
1729/1970 [=========================>....] - ETA: 3s
1733/1970 [=========================>....] - ETA: 3s
1737/1970 [=========================>....] - ETA: 3s
1741/1970 [=========================>....] - ETA: 3s
1745/1970 [=========================>....] - ETA: 3s
1749/1970 [=========================>....] - ETA: 3s
1753/1970 [=========================>....] - ETA: 3s
1757/1970 [=========================>....] - ETA: 3s
1761/1970 [=========================>....] - ETA: 3s
1765/1970 [=========================>....] - ETA: 3s
1769/1970 [=========================>....] - ETA: 3s
1773/1970 [==========================>...] - ETA: 3s
1777/1970 [==========================>...] - ETA: 2s
1781/1970 [==========================>...] - ETA: 2s
1785/1970 [==========================>...] - ETA: 2s
1789/1970 [==========================>...] - ETA: 2s
1793/1970 [==========================>...] - ETA: 2s
1797/1970 [==========================>...] - ETA: 2s
1801/1970 [==========================>...] - ETA: 2s
1805/1970 [==========================>...] - ETA: 2s
1809/1970 [==========================>...] - ETA: 2s
1813/1970 [==========================>...] - ETA: 2s
1817/1970 [==========================>...] - ETA: 2s
1821/1970 [==========================>...] - ETA: 2s
1825/1970 [==========================>...] - ETA: 2s
1829/1970 [==========================>...] - ETA: 2s
1833/1970 [==========================>...] - ETA: 2s
1837/1970 [==========================>...] - ETA: 2s
1841/1970 [===========================>..] - ETA: 1s
1845/1970 [===========================>..] - ETA: 1s
1849/1970 [===========================>..] - ETA: 1s
1853/1970 [===========================>..] - ETA: 1s
1857/1970 [===========================>..] - ETA: 1s
1861/1970 [===========================>..] - ETA: 1s
1865/1970 [===========================>..] - ETA: 1s
1869/1970 [===========================>..] - ETA: 1s
1873/1970 [===========================>..] - ETA: 1s
1877/1970 [===========================>..] - ETA: 1s
1881/1970 [===========================>..] - ETA: 1s
1885/1970 [===========================>..] - ETA: 1s
1889/1970 [===========================>..] - ETA: 1s
1893/1970 [===========================>..] - ETA: 1s
1897/1970 [===========================>..] - ETA: 1s
1901/1970 [===========================>..] - ETA: 1s
1905/1970 [============================>.] - ETA: 0s
1909/1970 [============================>.] - ETA: 0s
1913/1970 [============================>.] - ETA: 0s
1917/1970 [============================>.] - ETA: 0s
1921/1970 [============================>.] - ETA: 0s
1925/1970 [============================>.] - ETA: 0s
1929/1970 [============================>.] - ETA: 0s
1933/1970 [============================>.] - ETA: 0s
1937/1970 [============================>.] - ETA: 0s
1941/1970 [============================>.] - ETA: 0s
1945/1970 [============================>.] - ETA: 0s
1949/1970 [============================>.] - ETA: 0s
1953/1970 [============================>.] - ETA: 0s
1957/1970 [============================>.] - ETA: 0s
1961/1970 [============================>.] - ETA: 0s
1965/1970 [============================>.] - ETA: 0s
1969/1970 [============================>.] - ETA: 0s
1970/1970 [==============================] - 30s 15ms/step
Using TensorFlow backend.
LSTM_Keras.py:139: UserWarning: Update your `LSTM` call to the Keras 2 API: `LSTM(activation="sigmoid", return_sequences=True, units=128, recurrent_activation="hard_sigmoid")`
  model.add(LSTM(output_dim=128, activation='sigmoid', inner_activation='hard_sigmoid', return_sequences=True))
LSTM_Keras.py:141: UserWarning: Update your `LSTM` call to the Keras 2 API: `LSTM(activation="sigmoid", units=128, recurrent_activation="hard_sigmoid")`
  model.add(LSTM(output_dim=128, activation='sigmoid', inner_activation='hard_sigmoid'))
Test scure: 1.0620523915948763
Test accuracy: 0.5431472081218274
